0 info it worked if it ends with ok
1 verbose cli [ '/opt/bitnami/nodejs/bin/.node.bin',
1 verbose cli   '/opt/bitnami/nodejs/bin/npm',
1 verbose cli   'start' ]
2 info using npm@3.10.10
3 info using node@v6.10.3
<<<<<<< HEAD
4 verbose run-script [ 'prestart', 'start', 'poststart' ]
5 info lifecycle auth@0.0.0~prestart: auth@0.0.0
6 silly lifecycle auth@0.0.0~prestart: no script for prestart, continuing
7 info lifecycle auth@0.0.0~start: auth@0.0.0
8 verbose lifecycle auth@0.0.0~start: unsafe-perm in lifecycle true
9 verbose lifecycle auth@0.0.0~start: PATH: /opt/bitnami/nodejs/lib/node_modules/npm/bin/node-gyp-bin:/opt/bitnami/apache2/htdocs/creative6/node_modules/.bin:/opt/bitnami/nodejs/bin:/opt/bitnami/git/bin:/opt/bitnami/mongodb/bin:/opt/bitnami/sqlite/bin:/opt/bitnami/php/bin:/opt/bitnami/python/bin:/opt/bitnami/apache2/bin:/opt/bitnami/common/bin:/opt/bitnami/nodejs/bin:/opt/bitnami/git/bin:/opt/bitnami/mongodb/bin:/opt/bitnami/sqlite/bin:/opt/bitnami/php/bin:/opt/bitnami/python/bin:/opt/bitnami/apache2/bin:/opt/bitnami/common/bin:/usr/local/sbin:/usr/local/bin:/usr/sbin:/usr/bin:/sbin:/bin:/usr/games:/usr/local/games
10 verbose lifecycle auth@0.0.0~start: CWD: /opt/bitnami/apache2/htdocs/creative6
11 silly lifecycle auth@0.0.0~start: Args: [ '-c', 'node ./bin/www' ]
12 silly lifecycle auth@0.0.0~start: Returned: code: 1  signal: null
13 info lifecycle auth@0.0.0~start: Failed to exec start script
14 verbose stack Error: auth@0.0.0 start: `node ./bin/www`
=======
<<<<<<< HEAD
4 verbose run-script [ 'prestart', 'start', 'poststart' ]
5 info lifecycle Node@0.0.0~prestart: Node@0.0.0
6 silly lifecycle Node@0.0.0~prestart: no script for prestart, continuing
7 info lifecycle Node@0.0.0~start: Node@0.0.0
8 verbose lifecycle Node@0.0.0~start: unsafe-perm in lifecycle true
9 verbose lifecycle Node@0.0.0~start: PATH: /opt/bitnami/nodejs/lib/node_modules/npm/bin/node-gyp-bin:/opt/bitnami/apache2/htdocs/creative/NotePad/node_modules/.bin:/opt/bitnami/nodejs/bin:/opt/bitnami/git/bin:/opt/bitnami/mongodb/bin:/opt/bitnami/sqlite/bin:/opt/bitnami/php/bin:/opt/bitnami/python/bin:/opt/bitnami/apache2/bin:/opt/bitnami/common/bin:/opt/bitnami/nodejs/bin:/opt/bitnami/git/bin:/opt/bitnami/mongodb/bin:/opt/bitnami/sqlite/bin:/opt/bitnami/php/bin:/opt/bitnami/python/bin:/opt/bitnami/apache2/bin:/opt/bitnami/common/bin:/usr/local/sbin:/usr/local/bin:/usr/sbin:/usr/bin:/sbin:/bin:/usr/games:/usr/local/games
10 verbose lifecycle Node@0.0.0~start: CWD: /opt/bitnami/apache2/htdocs/creative/NotePad
11 silly lifecycle Node@0.0.0~start: Args: [ '-c', 'node ./bin/www' ]
12 silly lifecycle Node@0.0.0~start: Returned: code: 1  signal: null
13 info lifecycle Node@0.0.0~start: Failed to exec start script
14 verbose stack Error: Node@0.0.0 start: `node ./bin/www`
>>>>>>> d26365a3e57c79e447c0f7446bb83a484daa0516
14 verbose stack Exit status 1
14 verbose stack     at EventEmitter.<anonymous> (/opt/bitnami/nodejs/lib/node_modules/npm/lib/utils/lifecycle.js:255:16)
14 verbose stack     at emitTwo (events.js:106:13)
14 verbose stack     at EventEmitter.emit (events.js:191:7)
14 verbose stack     at ChildProcess.<anonymous> (/opt/bitnami/nodejs/lib/node_modules/npm/lib/utils/spawn.js:40:14)
14 verbose stack     at emitTwo (events.js:106:13)
14 verbose stack     at ChildProcess.emit (events.js:191:7)
14 verbose stack     at maybeClose (internal/child_process.js:886:16)
14 verbose stack     at Process.ChildProcess._handle.onexit (internal/child_process.js:226:5)
<<<<<<< HEAD
15 verbose pkgid auth@0.0.0
16 verbose cwd /opt/bitnami/apache2/htdocs/creative6
=======
15 verbose pkgid Node@0.0.0
16 verbose cwd /opt/bitnami/apache2/htdocs/creative/NotePad
>>>>>>> d26365a3e57c79e447c0f7446bb83a484daa0516
17 error Linux 3.13.0-119-generic
18 error argv "/opt/bitnami/nodejs/bin/.node.bin" "/opt/bitnami/nodejs/bin/npm" "start"
19 error node v6.10.3
20 error npm  v3.10.10
21 error code ELIFECYCLE
<<<<<<< HEAD
22 error auth@0.0.0 start: `node ./bin/www`
22 error Exit status 1
23 error Failed at the auth@0.0.0 start script 'node ./bin/www'.
23 error Make sure you have the latest version of node.js and npm installed.
23 error If you do, this is most likely a problem with the auth package,
=======
22 error Node@0.0.0 start: `node ./bin/www`
22 error Exit status 1
23 error Failed at the Node@0.0.0 start script 'node ./bin/www'.
23 error Make sure you have the latest version of node.js and npm installed.
23 error If you do, this is most likely a problem with the Node package,
>>>>>>> d26365a3e57c79e447c0f7446bb83a484daa0516
23 error not with npm itself.
23 error Tell the author that this fails on your system:
23 error     node ./bin/www
23 error You can get information on how to open an issue for this project with:
<<<<<<< HEAD
23 error     npm bugs auth
23 error Or if that isn't available, you can get their info via:
23 error     npm owner ls auth
23 error There is likely additional logging output above.
24 verbose exit [ 1, true ]
=======
23 error     npm bugs Node
23 error Or if that isn't available, you can get their info via:
23 error     npm owner ls Node
23 error There is likely additional logging output above.
24 verbose exit [ 1, true ]
=======
4 verbose stack Error: ENOENT: no such file or directory, open '/opt/bitnami/apache2/htdocs/package.json'
4 verbose stack     at Error (native)
5 verbose cwd /opt/bitnami/apache2/htdocs/lab-6-authentication-wokazaki
6 error Linux 3.13.0-119-generic
7 error argv "/opt/bitnami/nodejs/bin/.node.bin" "/opt/bitnami/nodejs/bin/npm" "start"
8 error node v6.10.3
9 error npm  v3.10.10
10 error path /opt/bitnami/apache2/htdocs/package.json
11 error code ENOENT
12 error errno -2
13 error syscall open
14 error enoent ENOENT: no such file or directory, open '/opt/bitnami/apache2/htdocs/package.json'
15 error enoent ENOENT: no such file or directory, open '/opt/bitnami/apache2/htdocs/package.json'
15 error enoent This is most likely not a problem with npm itself
15 error enoent and is related to npm not being able to find a file.
16 verbose exit [ -2, true ]
>>>>>>> 6395fd0a32f5745d78789e41b998ef55a6528644
>>>>>>> d26365a3e57c79e447c0f7446bb83a484daa0516
